0 info it worked if it ends with ok
1 verbose cli [ 'node', '/usr/local/bin/npm', 'install', '-g', 'hexo' ]
2 info using npm@2.12.1
3 info using node@v0.12.7
4 verbose node symlink /usr/local/bin/node
5 verbose install initial load of /usr/local/lib/package.json
6 verbose readDependencies loading dependencies from /usr/local/lib/package.json
7 silly cache add args [ 'hexo', null ]
8 verbose cache add spec hexo
9 silly cache add parsed spec { raw: 'hexo',
9 silly cache add   scope: null,
9 silly cache add   name: 'hexo',
9 silly cache add   rawSpec: '',
9 silly cache add   spec: '*',
9 silly cache add   type: 'range' }
10 silly addNamed hexo@*
11 verbose addNamed "*" is a valid semver range for hexo
12 silly addNameRange { name: 'hexo', range: '*', hasData: false }
13 silly mapToRegistry name hexo
14 silly mapToRegistry using default registry
15 silly mapToRegistry registry https://registry.npmjs.org/
16 silly mapToRegistry uri https://registry.npmjs.org/hexo
17 verbose addNameRange registry:https://registry.npmjs.org/hexo not in flight; fetching
18 verbose request uri https://registry.npmjs.org/hexo
19 verbose request no auth needed
20 info attempt registry request try #1 at 18:09:15
21 verbose request id 20a5f82dec0b9876
22 http request GET https://registry.npmjs.org/hexo
23 http 200 https://registry.npmjs.org/hexo
24 silly get cb [ 200,
24 silly get   { server: 'CouchDB/1.5.0 (Erlang OTP/R16B03)',
24 silly get     etag: '"4BARXVVYNJFGKYIBXTKHC6SGH"',
24 silly get     'content-type': 'application/json',
24 silly get     'cache-control': 'max-age=60',
24 silly get     'content-length': '153162',
24 silly get     'accept-ranges': 'bytes',
24 silly get     date: 'Sun, 13 Sep 2015 10:09:17 GMT',
24 silly get     via: '1.1 varnish',
24 silly get     age: '0',
24 silly get     connection: 'keep-alive',
24 silly get     'x-served-by': 'cache-iad2136-IAD',
24 silly get     'x-cache': 'MISS',
24 silly get     'x-cache-hits': '0',
24 silly get     'x-timer': 'S1442138957.057441,VS0,VE369',
24 silly get     vary: 'Accept' } ]
25 verbose get saving hexo to /Users/kltao/.npm/registry.npmjs.org/hexo/.cache.json
26 verbose makeDirectory /Users/kltao/.npm creation not in flight; initializing
27 silly makeDirectory /Users/kltao/.npm uid: 927202004 gid: 254449427
28 silly addNameRange number 2 { name: 'hexo', range: '*', hasData: true }
29 silly addNameRange versions [ 'hexo',
29 silly addNameRange   [ '0.0.1',
29 silly addNameRange     '0.0.2',
29 silly addNameRange     '0.0.3',
29 silly addNameRange     '0.0.4',
29 silly addNameRange     '0.0.5',
29 silly addNameRange     '0.0.6',
29 silly addNameRange     '0.1.0',
29 silly addNameRange     '0.1.1',
29 silly addNameRange     '0.1.2',
29 silly addNameRange     '0.1.3',
29 silly addNameRange     '0.1.4',
29 silly addNameRange     '0.1.5',
29 silly addNameRange     '0.1.6',
29 silly addNameRange     '0.1.7',
29 silly addNameRange     '0.1.8',
29 silly addNameRange     '0.1.9',
29 silly addNameRange     '0.1.10',
29 silly addNameRange     '0.1.11',
29 silly addNameRange     '0.2.0',
29 silly addNameRange     '0.2.1',
29 silly addNameRange     '0.3.0',
29 silly addNameRange     '0.3.1',
29 silly addNameRange     '0.3.2',
29 silly addNameRange     '0.4.0',
29 silly addNameRange     '0.4.1',
29 silly addNameRange     '0.4.2',
29 silly addNameRange     '0.4.3',
29 silly addNameRange     '0.4.4',
29 silly addNameRange     '0.4.5',
29 silly addNameRange     '0.5.0',
29 silly addNameRange     '0.5.1',
29 silly addNameRange     '0.5.2',
29 silly addNameRange     '0.5.3',
29 silly addNameRange     '0.5.4',
29 silly addNameRange     '0.5.5',
29 silly addNameRange     '0.5.6',
29 silly addNameRange     '0.5.7',
29 silly addNameRange     '0.5.8',
29 silly addNameRange     '0.5.9',
29 silly addNameRange     '0.5.10',
29 silly addNameRange     '0.5.11',
29 silly addNameRange     '0.5.12',
29 silly addNameRange     '1.0.0',
29 silly addNameRange     '1.0.1',
29 silly addNameRange     '1.0.2',
29 silly addNameRange     '1.0.3',
29 silly addNameRange     '1.0.4',
29 silly addNameRange     '1.0.5',
29 silly addNameRange     '1.0.6',
29 silly addNameRange     '1.0.7',
29 silly addNameRange     '1.0.8',
29 silly addNameRange     '1.0.9',
29 silly addNameRange     '1.1.0',
29 silly addNameRange     '1.1.1',
29 silly addNameRange     '1.1.2',
29 silly addNameRange     '1.1.3',
29 silly addNameRange     '1.1.4',
29 silly addNameRange     '1.2.0',
29 silly addNameRange     '1.2.1',
29 silly addNameRange     '1.2.2',
29 silly addNameRange     '1.2.3',
29 silly addNameRange     '1.2.4',
29 silly addNameRange     '2.0.0-beta2',
29 silly addNameRange     '2.0.0-rc1',
29 silly addNameRange     '2.0.0-rc2',
29 silly addNameRange     '2.0.0-beta1',
29 silly addNameRange     '2.0.0-rc3',
29 silly addNameRange     '2.0.0',
29 silly addNameRange     '2.0.1',
29 silly addNameRange     '2.0.2',
29 silly addNameRange     '2.0.3',
29 silly addNameRange     '2.0.4',
29 silly addNameRange     '2.0.5',
29 silly addNameRange     '2.0.6',
29 silly addNameRange     '2.0.7',
29 silly addNameRange     '2.1.0',
29 silly addNameRange     '2.1.1',
29 silly addNameRange     '2.2.0',
29 silly addNameRange     '2.2.1',
29 silly addNameRange     '2.3.0',
29 silly addNameRange     '2.4.0',
29 silly addNameRange     '2.4.1',
29 silly addNameRange     '2.4.2',
29 silly addNameRange     '2.4.3',
29 silly addNameRange     '2.4.4',
29 silly addNameRange     '2.4.5',
29 silly addNameRange     '2.5.1',
29 silly addNameRange     '2.5.2',
29 silly addNameRange     '2.5.3',
29 silly addNameRange     '2.5.4',
29 silly addNameRange     '2.5.5',
29 silly addNameRange     '2.5.6',
29 silly addNameRange     '2.5.7',
29 silly addNameRange     '2.6.0',
29 silly addNameRange     '2.6.1',
29 silly addNameRange     '2.6.2',
29 silly addNameRange     '2.6.3',
29 silly addNameRange     '2.7.0',
29 silly addNameRange     '2.7.1',
29 silly addNameRange     '2.8.0',
29 silly addNameRange     '2.8.1',
29 silly addNameRange     '2.8.2',
29 silly addNameRange     '2.8.3',
29 silly addNameRange     '3.0.0-beta.1',
29 silly addNameRange     '3.0.0-beta.2',
29 silly addNameRange     '3.0.0-beta.3',
29 silly addNameRange     '3.0.0-beta.4',
29 silly addNameRange     '3.0.0-rc.1',
29 silly addNameRange     '3.0.0-rc.2',
29 silly addNameRange     '3.0.0-rc.3',
29 silly addNameRange     '3.0.0-rc.4',
29 silly addNameRange     '3.0.0',
29 silly addNameRange     '3.0.1',
29 silly addNameRange     '3.1.0',
29 silly addNameRange     '3.1.1' ] ]
30 silly addNamed hexo@3.1.1
31 verbose addNamed "3.1.1" is a plain semver version for hexo
32 silly mapToRegistry name hexo
33 silly mapToRegistry using default registry
34 silly mapToRegistry registry https://registry.npmjs.org/
35 silly mapToRegistry uri https://registry.npmjs.org/hexo
36 verbose addRemoteTarball https://registry.npmjs.org/hexo/-/hexo-3.1.1.tgz not in flight; adding
37 verbose addRemoteTarball [ 'https://registry.npmjs.org/hexo/-/hexo-3.1.1.tgz',
37 verbose addRemoteTarball   '87bf35c65141e4b8af5f1727c3d0a7100e64ece3' ]
38 info retry fetch attempt 1 at 18:09:19
39 info attempt registry request try #1 at 18:09:19
40 http fetch GET https://registry.npmjs.org/hexo/-/hexo-3.1.1.tgz
41 http fetch 200 https://registry.npmjs.org/hexo/-/hexo-3.1.1.tgz
42 silly fetchAndShaCheck shasum 87bf35c65141e4b8af5f1727c3d0a7100e64ece3
43 verbose addTmpTarball /var/folders/px/1znn7b5x0fq7hw_rmr6hrjcmvm7ypm/T/npm-1968-3dae2ffe/registry.npmjs.org/hexo/-/hexo-3.1.1.tgz not in flight; adding
44 verbose addTmpTarball already have metadata; skipping unpack for hexo@3.1.1
45 silly cache afterAdd hexo@3.1.1
46 verbose afterAdd /Users/kltao/.npm/hexo/3.1.1/package/package.json not in flight; writing
47 verbose afterAdd /Users/kltao/.npm/hexo/3.1.1/package/package.json written
48 silly install resolved [ { name: 'hexo',
48 silly install resolved     version: '3.1.1',
48 silly install resolved     description: 'A fast, simple & powerful blog framework, powered by Node.js.',
48 silly install resolved     main: 'lib/hexo',
48 silly install resolved     bin: { hexo: './bin/hexo' },
48 silly install resolved     scripts: { test: 'gulp test' },
48 silly install resolved     directories: { lib: './lib', bin: './bin' },
48 silly install resolved     engines: { node: '>= 0.10.0' },
48 silly install resolved     repository: { type: 'git', url: 'https://github.com/hexojs/hexo' },
48 silly install resolved     homepage: 'http://hexo.io/',
48 silly install resolved     keywords: [ 'website', 'blog', 'cms', 'framework', 'hexo' ],
48 silly install resolved     author:
48 silly install resolved      { name: 'Tommy Chen',
48 silly install resolved        email: 'tommy351@gmail.com',
48 silly install resolved        url: 'http://zespia.tw' },
48 silly install resolved     license: 'MIT',
48 silly install resolved     dependencies:
48 silly install resolved      { abbrev: '^1.0.5',
48 silly install resolved        archy: '^1.0.0',
48 silly install resolved        bluebird: '^2.9.8',
48 silly install resolved        bunyan: '^1.3.3',
48 silly install resolved        chalk: '^1.0.0',
48 silly install resolved        cheerio: '^0.19.0',
48 silly install resolved        'hexo-cli': '^0.1.6',
48 silly install resolved        'hexo-front-matter': '^0.2.1',
48 silly install resolved        'hexo-fs': '^0.1.3',
48 silly install resolved        'hexo-i18n': '^0.2.1',
48 silly install resolved        'hexo-util': '^0.1.7',
48 silly install resolved        'js-yaml': '^3.2.5',
48 silly install resolved        lodash: '^3.2.0',
48 silly install resolved        minimatch: '^2.0.1',
48 silly install resolved        moment: '~2.10.3',
48 silly install resolved        'moment-timezone': '^0.3.0',
48 silly install resolved        nunjucks: '^1.3.3',
48 silly install resolved        'pretty-hrtime': '^1.0.0',
48 silly install resolved        'strip-indent': '^1.0.0',
48 silly install resolved        swig: '1.4.2',
48 silly install resolved        'swig-extras': '0.0.1',
48 silly install resolved        'text-table': '^0.2.0',
48 silly install resolved        through2: '^1.1.1',
48 silly install resolved        tildify: '^1.0.0',
48 silly install resolved        titlecase: '^1.0.2',
48 silly install resolved        warehouse: '^1.0.2' },
48 silly install resolved     devDependencies:
48 silly install resolved      { chai: '^2.2.0',
48 silly install resolved        coveralls: '^2.11.2',
48 silly install resolved        del: '^1.1.1',
48 silly install resolved        gulp: '^3.8.9',
48 silly install resolved        'gulp-istanbul': '^0.9.0',
48 silly install resolved        'gulp-jshint': '^1.8.6',
48 silly install resolved        'gulp-load-plugins': '^0.10.0',
48 silly install resolved        'gulp-mocha': '^2.0.0',
48 silly install resolved        'hexo-renderer-marked': '^0.2.3',
48 silly install resolved        'jshint-stylish': '^1.0.0',
48 silly install resolved        mocha: '^2.0.1',
48 silly install resolved        sinon: '^1.12.2' },
48 silly install resolved     gitHead: 'c8a503dc57f4cb14c7e8eebcbe0cd2087e4bb21e',
48 silly install resolved     bugs: { url: 'https://github.com/hexojs/hexo/issues' },
48 silly install resolved     _id: 'hexo@3.1.1',
48 silly install resolved     _shasum: '87bf35c65141e4b8af5f1727c3d0a7100e64ece3',
48 silly install resolved     _from: 'hexo@*',
48 silly install resolved     _npmVersion: '2.5.1',
48 silly install resolved     _nodeVersion: '0.12.0',
48 silly install resolved     _npmUser: { name: 'tommy351', email: 'tommy351@gmail.com' },
48 silly install resolved     maintainers: [ [Object] ],
48 silly install resolved     dist:
48 silly install resolved      { shasum: '87bf35c65141e4b8af5f1727c3d0a7100e64ece3',
48 silly install resolved        tarball: 'http://registry.npmjs.org/hexo/-/hexo-3.1.1.tgz' },
48 silly install resolved     _resolved: 'https://registry.npmjs.org/hexo/-/hexo-3.1.1.tgz' } ]
49 info install hexo@3.1.1 into /usr/local/lib
50 info installOne hexo@3.1.1
51 verbose installOne of hexo to /usr/local/lib not in flight; installing
52 verbose makeDirectory /Users/kltao/.npm/_locks creation not in flight; initializing
53 silly makeDirectory /Users/kltao/.npm/_locks uid: 927202004 gid: 254449427
54 verbose lock using /Users/kltao/.npm/_locks/hexo-eabe9ea76eaf84ee.lock for /usr/local/lib/node_modules/hexo
55 silly install write writing hexo 3.1.1 to /usr/local/lib/node_modules/hexo
56 verbose unbuild lib/node_modules/hexo
57 silly gentlyRm /usr/local/lib/node_modules/hexo is being purged from base /usr/local
58 verbose gentlyRm don't care about contents; nuking /usr/local/lib/node_modules/hexo
59 verbose tar unpack /Users/kltao/.npm/hexo/3.1.1/package.tgz
60 verbose tar unpacking to /usr/local/lib/node_modules/hexo
61 silly gentlyRm /usr/local/lib/node_modules/hexo is being purged
62 verbose gentlyRm don't care about contents; nuking /usr/local/lib/node_modules/hexo
63 silly gunzTarPerm modes [ '755', '644' ]
64 error tar.unpack untar error /Users/kltao/.npm/hexo/3.1.1/package.tgz
65 verbose unlock done using /Users/kltao/.npm/_locks/hexo-eabe9ea76eaf84ee.lock for /usr/local/lib/node_modules/hexo
66 verbose fstream_path /usr/local/lib/node_modules/hexo
67 verbose fstream_type Directory
68 verbose fstream_class DirWriter
69 verbose stack Error: EACCES, mkdir '/usr/local/lib/node_modules/hexo'
69 verbose stack     at Error (native)
70 verbose fstream_stack /usr/local/lib/node_modules/npm/node_modules/fstream/lib/dir-writer.js:35:25
70 verbose fstream_stack /usr/local/lib/node_modules/npm/node_modules/mkdirp/index.js:47:53
70 verbose fstream_stack FSReqWrap.oncomplete (fs.js:95:15)
71 verbose cwd /Users/kltao/git/hexo
72 error Darwin 14.3.0
73 error argv "node" "/usr/local/bin/npm" "install" "-g" "hexo"
74 error node v0.12.7
75 error npm  v2.12.1
76 error path /usr/local/lib/node_modules/hexo
77 error code EACCES
78 error errno -13
79 error Error: EACCES, mkdir '/usr/local/lib/node_modules/hexo'
79 error     at Error (native)
79 error  { [Error: EACCES, mkdir '/usr/local/lib/node_modules/hexo']
79 error   errno: -13,
79 error   code: 'EACCES',
79 error   path: '/usr/local/lib/node_modules/hexo',
79 error   fstream_type: 'Directory',
79 error   fstream_path: '/usr/local/lib/node_modules/hexo',
79 error   fstream_class: 'DirWriter',
79 error   fstream_stack:
79 error    [ '/usr/local/lib/node_modules/npm/node_modules/fstream/lib/dir-writer.js:35:25',
79 error      '/usr/local/lib/node_modules/npm/node_modules/mkdirp/index.js:47:53',
79 error      'FSReqWrap.oncomplete (fs.js:95:15)' ] }
80 error Please try running this command again as root/Administrator.
81 verbose exit [ -13, true ]
82 verbose unbuild lib/node_modules/hexo
83 silly gentlyRm /usr/local/lib/node_modules/hexo is being purged from base /usr/local
84 verbose gentlyRm don't care about contents; nuking /usr/local/lib/node_modules/hexo
